{"ts":"2025-12-28T04:07:17+00:00","action":"page.create_or_update_fallback","user_id":1,"meta":{"id":null,"slug":"smoke-test-54415","title":"Smoke Test"},"ip":"::1"}
{"ts":"2025-12-28T04:07:17+00:00","action":"page.delete_fallback","user_id":1,"meta":{"id":2},"ip":"::1"}
{"ts":"2025-12-28T04:07:51+00:00","action":"page.create_or_update_fallback","user_id":1,"meta":{"id":null,"slug":"smoke-curl-15578","title":"Smoke Curl Test"},"ip":"::1"}
{"ts":"2025-12-28T04:07:52+00:00","action":"page.delete_fallback","user_id":1,"meta":{"id":2},"ip":"::1"}
{"ts":"2025-12-28T19:34:24+00:00","action":"crm.customers.create","user_id":1,"meta":{"id":1},"ip":"::1"}
{"ts":"2025-12-28T19:35:21+00:00","action":"crm.customers.delete","user_id":1,"meta":{"id":1},"ip":"::1"}
{"ts":"2025-12-28T21:34:05+00:00","action":"remote_schema_sync:generated","user_id":null,"meta":{"sql_file":"X:\\Programacion\\UltimateSite\\scripts\/..\/database\/migrations\/remote_sync_add_columns.sql","diff_log":"X:\\Programacion\\UltimateSite\\scripts\/..\/xlerion-backups\/remote_sync_diff.log","statements":0},"ip":null}
{"ts":"2025-12-28T21:45:23+00:00","action":"import.backup","user_id":null,"meta":{"table":"admin_notifications","backup":"X:\\Programacion\\UltimateSite\\scripts\/..\/xlerion-backups\/admin_notifications_backup_20251228_214523.json"},"ip":null}
{"ts":"2025-12-28T21:45:23+00:00","action":"import.table","user_id":null,"meta":{"table":"admin_notifications","inserted":0,"skipped":0},"ip":null}
{"ts":"2025-12-28T21:45:24+00:00","action":"import.backup","user_id":null,"meta":{"table":"admins","backup":"X:\\Programacion\\UltimateSite\\scripts\/..\/xlerion-backups\/admins_backup_20251228_214524.json"},"ip":null}
{"ts":"2025-12-28T21:45:24+00:00","action":"import.table","user_id":null,"meta":{"table":"admins","inserted":0,"skipped":1},"ip":null}
{"ts":"2025-12-28T21:45:24+00:00","action":"import.backup","user_id":null,"meta":{"table":"backups","backup":"X:\\Programacion\\UltimateSite\\scripts\/..\/xlerion-backups\/backups_backup_20251228_214524.json"},"ip":null}
{"ts":"2025-12-28T21:45:24+00:00","action":"import.table","user_id":null,"meta":{"table":"backups","inserted":0,"skipped":0},"ip":null}
{"ts":"2025-12-28T21:45:24+00:00","action":"import.backup","user_id":null,"meta":{"table":"cache","backup":"X:\\Programacion\\UltimateSite\\scripts\/..\/xlerion-backups\/cache_backup_20251228_214524.json"},"ip":null}
{"ts":"2025-12-28T21:45:24+00:00","action":"import.table","user_id":null,"meta":{"table":"cache","inserted":0,"skipped":0},"ip":null}
{"ts":"2025-12-28T21:45:25+00:00","action":"import.backup","user_id":null,"meta":{"table":"cache_locks","backup":"X:\\Programacion\\UltimateSite\\scripts\/..\/xlerion-backups\/cache_locks_backup_20251228_214525.json"},"ip":null}
{"ts":"2025-12-28T21:45:25+00:00","action":"import.table","user_id":null,"meta":{"table":"cache_locks","inserted":0,"skipped":0},"ip":null}
{"ts":"2025-12-28T21:45:25+00:00","action":"import.backup","user_id":null,"meta":{"table":"client_finances","backup":"X:\\Programacion\\UltimateSite\\scripts\/..\/xlerion-backups\/client_finances_backup_20251228_214525.json"},"ip":null}
{"ts":"2025-12-28T21:45:25+00:00","action":"import.table","user_id":null,"meta":{"table":"client_finances","inserted":0,"skipped":0},"ip":null}
{"ts":"2025-12-28T21:45:25+00:00","action":"import.backup","user_id":null,"meta":{"table":"client_interactions","backup":"X:\\Programacion\\UltimateSite\\scripts\/..\/xlerion-backups\/client_interactions_backup_20251228_214525.json"},"ip":null}
{"ts":"2025-12-28T21:45:25+00:00","action":"import.table","user_id":null,"meta":{"table":"client_interactions","inserted":0,"skipped":0},"ip":null}
{"ts":"2025-12-28T21:45:25+00:00","action":"import.backup","user_id":null,"meta":{"table":"client_notes","backup":"X:\\Programacion\\UltimateSite\\scripts\/..\/xlerion-backups\/client_notes_backup_20251228_214525.json"},"ip":null}
{"ts":"2025-12-28T21:45:25+00:00","action":"import.table","user_id":null,"meta":{"table":"client_notes","inserted":0,"skipped":0},"ip":null}
{"ts":"2025-12-28T21:45:26+00:00","action":"import.backup","user_id":null,"meta":{"table":"client_projects","backup":"X:\\Programacion\\UltimateSite\\scripts\/..\/xlerion-backups\/client_projects_backup_20251228_214526.json"},"ip":null}
{"ts":"2025-12-28T21:45:26+00:00","action":"import.table","user_id":null,"meta":{"table":"client_projects","inserted":0,"skipped":0},"ip":null}
{"ts":"2025-12-28T21:45:26+00:00","action":"import.backup","user_id":null,"meta":{"table":"clients","backup":"X:\\Programacion\\UltimateSite\\scripts\/..\/xlerion-backups\/clients_backup_20251228_214526.json"},"ip":null}
{"ts":"2025-12-28T21:45:26+00:00","action":"import.table","user_id":null,"meta":{"table":"clients","inserted":0,"skipped":4},"ip":null}
{"ts":"2025-12-28T21:45:27+00:00","action":"import.backup","user_id":null,"meta":{"table":"cms_blocks","backup":"X:\\Programacion\\UltimateSite\\scripts\/..\/xlerion-backups\/cms_blocks_backup_20251228_214527.json"},"ip":null}
{"ts":"2025-12-28T21:45:27+00:00","action":"import.table","user_id":null,"meta":{"table":"cms_blocks","inserted":0,"skipped":0},"ip":null}
{"ts":"2025-12-28T21:45:27+00:00","action":"import.backup","user_id":null,"meta":{"table":"cms_pages","backup":"X:\\Programacion\\UltimateSite\\scripts\/..\/xlerion-backups\/cms_pages_backup_20251228_214527.json"},"ip":null}
{"ts":"2025-12-28T21:45:28+00:00","action":"import.table","user_id":null,"meta":{"table":"cms_pages","inserted":0,"skipped":11},"ip":null}
{"ts":"2025-12-28T21:45:28+00:00","action":"import.backup","user_id":null,"meta":{"table":"contacts","backup":"X:\\Programacion\\UltimateSite\\scripts\/..\/xlerion-backups\/contacts_backup_20251228_214528.json"},"ip":null}
{"ts":"2025-12-28T21:45:28+00:00","action":"import.table","user_id":null,"meta":{"table":"contacts","inserted":0,"skipped":1},"ip":null}
{"ts":"2025-12-28T21:45:29+00:00","action":"import.backup","user_id":null,"meta":{"table":"crm_audit","backup":"X:\\Programacion\\UltimateSite\\scripts\/..\/xlerion-backups\/crm_audit_backup_20251228_214529.json"},"ip":null}
{"ts":"2025-12-28T21:45:29+00:00","action":"import.table","user_id":null,"meta":{"table":"crm_audit","inserted":0,"skipped":0},"ip":null}
{"ts":"2025-12-28T21:45:29+00:00","action":"import.backup","user_id":null,"meta":{"table":"crm_customers","backup":"X:\\Programacion\\UltimateSite\\scripts\/..\/xlerion-backups\/crm_customers_backup_20251228_214529.json"},"ip":null}
{"ts":"2025-12-28T21:45:29+00:00","action":"import.table","user_id":null,"meta":{"table":"crm_customers","inserted":0,"skipped":0},"ip":null}
{"ts":"2025-12-28T21:45:29+00:00","action":"import.backup","user_id":null,"meta":{"table":"crm_leads","backup":"X:\\Programacion\\UltimateSite\\scripts\/..\/xlerion-backups\/crm_leads_backup_20251228_214529.json"},"ip":null}
{"ts":"2025-12-28T21:45:29+00:00","action":"import.table","user_id":null,"meta":{"table":"crm_leads","inserted":0,"skipped":0},"ip":null}
{"ts":"2025-12-28T21:45:29+00:00","action":"import.backup","user_id":null,"meta":{"table":"failed_jobs","backup":"X:\\Programacion\\UltimateSite\\scripts\/..\/xlerion-backups\/failed_jobs_backup_20251228_214529.json"},"ip":null}
{"ts":"2025-12-28T21:45:29+00:00","action":"import.table","user_id":null,"meta":{"table":"failed_jobs","inserted":0,"skipped":0},"ip":null}
{"ts":"2025-12-28T21:45:30+00:00","action":"import.backup","user_id":null,"meta":{"table":"forms_submissions","backup":"X:\\Programacion\\UltimateSite\\scripts\/..\/xlerion-backups\/forms_submissions_backup_20251228_214530.json"},"ip":null}
{"ts":"2025-12-28T21:45:30+00:00","action":"import.table","user_id":null,"meta":{"table":"forms_submissions","inserted":0,"skipped":0},"ip":null}
{"ts":"2025-12-28T21:45:30+00:00","action":"import.backup","user_id":null,"meta":{"table":"interactions","backup":"X:\\Programacion\\UltimateSite\\scripts\/..\/xlerion-backups\/interactions_backup_20251228_214530.json"},"ip":null}
{"ts":"2025-12-28T21:45:30+00:00","action":"import.table","user_id":null,"meta":{"table":"interactions","inserted":0,"skipped":0},"ip":null}
{"ts":"2025-12-28T21:45:30+00:00","action":"import.backup","user_id":null,"meta":{"table":"job_batches","backup":"X:\\Programacion\\UltimateSite\\scripts\/..\/xlerion-backups\/job_batches_backup_20251228_214530.json"},"ip":null}
{"ts":"2025-12-28T21:45:30+00:00","action":"import.table","user_id":null,"meta":{"table":"job_batches","inserted":0,"skipped":0},"ip":null}
{"ts":"2025-12-28T21:45:31+00:00","action":"import.backup","user_id":null,"meta":{"table":"jobs","backup":"X:\\Programacion\\UltimateSite\\scripts\/..\/xlerion-backups\/jobs_backup_20251228_214531.json"},"ip":null}
{"ts":"2025-12-28T21:45:31+00:00","action":"import.table","user_id":null,"meta":{"table":"jobs","inserted":0,"skipped":0},"ip":null}
{"ts":"2025-12-28T21:45:31+00:00","action":"import.backup","user_id":null,"meta":{"table":"media_files","backup":"X:\\Programacion\\UltimateSite\\scripts\/..\/xlerion-backups\/media_files_backup_20251228_214531.json"},"ip":null}
{"ts":"2025-12-28T21:45:31+00:00","action":"import.table","user_id":null,"meta":{"table":"media_files","inserted":0,"skipped":0},"ip":null}
{"ts":"2025-12-28T21:45:31+00:00","action":"import.backup","user_id":null,"meta":{"table":"menu_items","backup":"X:\\Programacion\\UltimateSite\\scripts\/..\/xlerion-backups\/menu_items_backup_20251228_214531.json"},"ip":null}
{"ts":"2025-12-28T21:45:32+00:00","action":"import.table","user_id":null,"meta":{"table":"menu_items","inserted":0,"skipped":10},"ip":null}
{"ts":"2025-12-28T21:45:32+00:00","action":"import.backup","user_id":null,"meta":{"table":"menu_sections","backup":"X:\\Programacion\\UltimateSite\\scripts\/..\/xlerion-backups\/menu_sections_backup_20251228_214532.json"},"ip":null}
{"ts":"2025-12-28T21:45:34+00:00","action":"import.table","user_id":null,"meta":{"table":"menu_sections","inserted":0,"skipped":13},"ip":null}
{"ts":"2025-12-28T21:45:34+00:00","action":"import.backup","user_id":null,"meta":{"table":"migrations","backup":"X:\\Programacion\\UltimateSite\\scripts\/..\/xlerion-backups\/migrations_backup_20251228_214534.json"},"ip":null}
{"ts":"2025-12-28T21:45:35+00:00","action":"import.table","user_id":null,"meta":{"table":"migrations","inserted":0,"skipped":7},"ip":null}
{"ts":"2025-12-28T21:45:35+00:00","action":"import.backup","user_id":null,"meta":{"table":"modules","backup":"X:\\Programacion\\UltimateSite\\scripts\/..\/xlerion-backups\/modules_backup_20251228_214535.json"},"ip":null}
{"ts":"2025-12-28T21:45:35+00:00","action":"import.table","user_id":null,"meta":{"table":"modules","inserted":0,"skipped":0},"ip":null}
{"ts":"2025-12-28T21:45:35+00:00","action":"import.backup","user_id":null,"meta":{"table":"opportunities","backup":"X:\\Programacion\\UltimateSite\\scripts\/..\/xlerion-backups\/opportunities_backup_20251228_214535.json"},"ip":null}
{"ts":"2025-12-28T21:45:35+00:00","action":"import.table","user_id":null,"meta":{"table":"opportunities","inserted":0,"skipped":0},"ip":null}
{"ts":"2025-12-28T21:45:35+00:00","action":"import.backup","user_id":null,"meta":{"table":"page_views","backup":"X:\\Programacion\\UltimateSite\\scripts\/..\/xlerion-backups\/page_views_backup_20251228_214535.json"},"ip":null}
{"ts":"2025-12-28T21:45:37+00:00","action":"import.table","user_id":null,"meta":{"table":"page_views","inserted":0,"skipped":20},"ip":null}
{"ts":"2025-12-28T21:45:38+00:00","action":"import.backup","user_id":null,"meta":{"table":"pages","backup":"X:\\Programacion\\UltimateSite\\scripts\/..\/xlerion-backups\/pages_backup_20251228_214538.json"},"ip":null}
{"ts":"2025-12-28T21:45:38+00:00","action":"import.table","user_id":null,"meta":{"table":"pages","inserted":0,"skipped":0},"ip":null}
{"ts":"2025-12-28T21:45:38+00:00","action":"import.backup","user_id":null,"meta":{"table":"password_reset_tokens","backup":"X:\\Programacion\\UltimateSite\\scripts\/..\/xlerion-backups\/password_reset_tokens_backup_20251228_214538.json"},"ip":null}
{"ts":"2025-12-28T21:45:38+00:00","action":"import.table","user_id":null,"meta":{"table":"password_reset_tokens","inserted":0,"skipped":0},"ip":null}
{"ts":"2025-12-28T21:45:38+00:00","action":"import.backup","user_id":null,"meta":{"table":"password_resets","backup":"X:\\Programacion\\UltimateSite\\scripts\/..\/xlerion-backups\/password_resets_backup_20251228_214538.json"},"ip":null}
{"ts":"2025-12-28T21:45:38+00:00","action":"import.table","user_id":null,"meta":{"table":"password_resets","inserted":0,"skipped":0},"ip":null}
{"ts":"2025-12-28T21:45:38+00:00","action":"import.backup","user_id":null,"meta":{"table":"resources","backup":"X:\\Programacion\\UltimateSite\\scripts\/..\/xlerion-backups\/resources_backup_20251228_214538.json"},"ip":null}
{"ts":"2025-12-28T21:45:38+00:00","action":"import.table","user_id":null,"meta":{"table":"resources","inserted":0,"skipped":0},"ip":null}
{"ts":"2025-12-28T21:45:39+00:00","action":"import.backup","user_id":null,"meta":{"table":"sections","backup":"X:\\Programacion\\UltimateSite\\scripts\/..\/xlerion-backups\/sections_backup_20251228_214539.json"},"ip":null}
{"ts":"2025-12-28T21:45:39+00:00","action":"import.table","user_id":null,"meta":{"table":"sections","inserted":0,"skipped":0},"ip":null}
{"ts":"2025-12-28T21:45:39+00:00","action":"import.backup","user_id":null,"meta":{"table":"sessions","backup":"X:\\Programacion\\UltimateSite\\scripts\/..\/xlerion-backups\/sessions_backup_20251228_214539.json"},"ip":null}
{"ts":"2025-12-28T21:45:39+00:00","action":"import.table","user_id":null,"meta":{"table":"sessions","inserted":0,"skipped":3},"ip":null}
{"ts":"2025-12-28T21:45:39+00:00","action":"import.backup","user_id":null,"meta":{"table":"tasks","backup":"X:\\Programacion\\UltimateSite\\scripts\/..\/xlerion-backups\/tasks_backup_20251228_214539.json"},"ip":null}
{"ts":"2025-12-28T21:45:40+00:00","action":"import.table","user_id":null,"meta":{"table":"tasks","inserted":0,"skipped":0},"ip":null}
{"ts":"2025-12-28T21:45:40+00:00","action":"import.backup","user_id":null,"meta":{"table":"td_interactions","backup":"X:\\Programacion\\UltimateSite\\scripts\/..\/xlerion-backups\/td_interactions_backup_20251228_214540.json"},"ip":null}
{"ts":"2025-12-28T21:45:40+00:00","action":"import.table","user_id":null,"meta":{"table":"td_interactions","inserted":0,"skipped":0},"ip":null}
{"ts":"2025-12-28T21:45:48+00:00","action":"import.backup","user_id":null,"meta":{"table":"td_projects","backup":"X:\\Programacion\\UltimateSite\\scripts\/..\/xlerion-backups\/td_projects_backup_20251228_214548.json"},"ip":null}
{"ts":"2025-12-28T21:45:49+00:00","action":"import.table","user_id":null,"meta":{"table":"td_projects","inserted":0,"skipped":2},"ip":null}
{"ts":"2025-12-28T21:45:49+00:00","action":"import.backup","user_id":null,"meta":{"table":"users","backup":"X:\\Programacion\\UltimateSite\\scripts\/..\/xlerion-backups\/users_backup_20251228_214549.json"},"ip":null}
{"ts":"2025-12-28T21:45:49+00:00","action":"import.table","user_id":null,"meta":{"table":"users","inserted":0,"skipped":1},"ip":null}
{"ts":"2025-12-28T21:48:12+00:00","action":"generate_remote_diff_report","user_id":null,"meta":{"json":"X:\\Programacion\\UltimateSite\\scripts\/..\/xlerion-backups\/remote_diff_report.json","txt":"X:\\Programacion\\UltimateSite\\scripts\/..\/xlerion-backups\/remote_diff_report.txt"},"ip":null}
{"ts":"2025-12-28T22:35:47+00:00","action":"export_remote_only_rows","user_id":null,"meta":{"summary":"X:\\Programacion\\UltimateSite\\scripts\/..\/xlerion-backups\/remote_only\/remote_only_summary.json"},"ip":null}
{"ts":"2025-12-28T23:19:10+00:00","action":"sync_cms_pages_web","user_id":1,"meta":{"inserted":11,"updated":0,"skipped":0,"backup":"X:\\Programacion\\UltimateSite\\public\\admin\\api\/..\/..\/..\/xlerion-backups\/pages_backup_20251228_231910.json"},"ip":"::1"}
